<?xml version="1.0" encoding="UTF-8"?>
<!-- Generated by org.testng.reporters.JUnitReportReporter -->
<testsuite hostname="DESKTOP-DGC7O92" failures="0" tests="1" name="SwagLap.SwagLap" time="48.484" errors="0" timestamp="2023-11-12T16:26:28 EET" skipped="0">
  <testcase classname="SwagLap.SwagLap" name="Magento" time="48.484"/>
  <system-out/>
</testsuite> <!-- SwagLap.SwagLap -->
